2020-10-25 14:40:20,795 INFO xpth /html/body/form/table/tbody/tr[1]/td/table/tbody/tr/td[2]/table/tbody/tr/td[4]/input
2020-10-25 14:40:20,863 INFO xpth /html/body/form/table[1]/tbody/tr[2]/td[2]/input
2020-10-25 14:40:20,915 INFO xpth /html/body/form/table[1]/tbody/tr[3]/td[2]/input
2020-10-25 14:40:20,987 INFO xpth //*[@id="customerBirthday"] 2020-10-08 18:45:45  
2020-10-25 14:40:22,120 INFO xpth /html/body/form/table[1]/tbody/tr[4]/td[4]/input 2020-10-08 18:45:45  
2020-10-25 14:40:22,256 INFO xpth /html/body/form/table[2]/tbody/tr/td[2]/input  877268655@qq.com
2020-10-25 14:40:34,381 INFO xpth /html/body/form/table/tbody/tr[2]/td/table/tbody/tr/td[2]/table/tbody/tr[2]/td[13]/div/span/a[1]
2020-10-25 14:40:34,425 INFO xpth /html/body/form/table[1]/tbody/tr[5]/td[4]/input
2020-10-25 14:40:34,486 INFO xpth /html/body/form/table[1]/tbody/tr[5]/td[4]/input  15025355198
2020-10-25 14:40:34,625 INFO xpth /html/body/form/table[2]/tbody/tr/td[2]/input
2020-10-25 16:18:10,000 INFO xpth /html/body/form/table/tbody/tr[1]/td/table/tbody/tr/td[2]/table/tbody/tr/td[4]/input
2020-10-25 16:18:10,065 INFO xpth /html/body/form/table[1]/tbody/tr[2]/td[2]/input
2020-10-25 16:18:10,117 INFO xpth /html/body/form/table[1]/tbody/tr[3]/td[2]/input
2020-10-25 16:18:10,188 INFO xpth //*[@id="customerBirthday"] 2020-10-08 18:45:45  
2020-10-25 16:18:11,334 INFO xpth /html/body/form/table[1]/tbody/tr[4]/td[4]/input 2020-10-08 18:45:45  
2020-10-25 16:18:11,492 INFO xpth /html/body/form/table[2]/tbody/tr/td[2]/input  877268655@qq.com
2020-10-25 16:18:25,863 INFO xpth /html/body/form/table/tbody/tr[2]/td/table/tbody/tr/td[2]/table/tbody/tr[2]/td[13]/div/span/a[1]
2020-10-25 16:18:25,907 INFO xpth /html/body/form/table[1]/tbody/tr[5]/td[4]/input
2020-10-25 16:18:25,969 INFO xpth /html/body/form/table[1]/tbody/tr[5]/td[4]/input  15025355198
2020-10-25 16:18:26,128 INFO xpth /html/body/form/table[2]/tbody/tr/td[2]/input
2020-10-25 16:32:45,931 INFO xpth /html/body/form/table/tbody/tr[1]/td/table/tbody/tr/td[2]/table/tbody/tr/td[4]/input
2020-10-25 16:32:46,004 INFO xpth /html/body/form/table[1]/tbody/tr[2]/td[2]/input
2020-10-25 16:32:46,060 INFO xpth /html/body/form/table[1]/tbody/tr[3]/td[2]/input
2020-10-25 16:32:46,140 INFO xpth //*[@id="customerBirthday"] 2020-10-08 18:45:45  
2020-10-25 16:32:47,266 INFO xpth /html/body/form/table[1]/tbody/tr[4]/td[4]/input 2020-10-08 18:45:45  
2020-10-25 16:32:47,441 INFO xpth /html/body/form/table[2]/tbody/tr/td[2]/input  877268655@qq.com
2020-10-25 16:33:01,766 INFO xpth /html/body/form/table/tbody/tr[2]/td/table/tbody/tr/td[2]/table/tbody/tr[2]/td[13]/div/span/a[1]
2020-10-25 16:33:01,818 INFO xpth /html/body/form/table[1]/tbody/tr[5]/td[4]/input
2020-10-25 16:33:01,879 INFO xpth /html/body/form/table[1]/tbody/tr[5]/td[4]/input  15025355198
2020-10-25 16:33:02,024 INFO xpth /html/body/form/table[2]/tbody/tr/td[2]/input
2020-10-25 18:05:38,846 INFO /html/body/form/table/tbody/tr[1]/td/table/tbody/tr/td[2]/table/tbody/tr/td[4]/input
2020-10-25 18:05:38,915 INFO /html/body/form/table[1]/tbody/tr[2]/td[2]/input
2020-10-25 18:05:38,965 INFO /html/body/form/table[1]/tbody/tr[3]/td[2]/input
2020-10-25 18:05:39,038 INFO //*[@id="customerBirthday"]
2020-10-25 18:05:40,159 INFO /html/body/form/table[2]/tbody/tr/td[2]/input
2020-10-25 18:05:40,226 INFO /html/body/form/table[2]/tbody/tr/td[2]/input
2020-10-25 18:05:54,477 INFO /html/body/form/table/tbody/tr[2]/td/table/tbody/tr/td[2]/table/tbody/tr[2]/td[13]/div/span/a[1]
2020-10-25 18:05:54,519 INFO /html/body/form/table[1]/tbody/tr[5]/td[4]/input
2020-10-25 18:05:54,578 INFO /html/body/form/table[1]/tbody/tr[5]/td[4]/input
2020-10-25 18:05:54,719 INFO /html/body/form/table[2]/tbody/tr/td[2]/input
2020-10-25 18:10:49,854 INFO /html/body/form/table/tbody/tr[1]/td/table/tbody/tr/td[2]/table/tbody/tr/td[4]/input
2020-10-25 18:10:49,918 INFO /html/body/form/table[1]/tbody/tr[2]/td[2]/input
2020-10-25 18:10:49,970 INFO /html/body/form/table[1]/tbody/tr[3]/td[2]/input
2020-10-25 18:10:50,042 INFO //*[@id="customerBirthday"]
2020-10-25 18:10:51,170 INFO /html/body/form/table[1]/tbody/tr[4]/td[4]/input
2020-10-25 18:10:51,442 INFO /html/body/form/table[1]/tbody/tr[4]/td[4]/input
2020-10-25 18:11:05,716 INFO /html/body/form/table/tbody/tr[2]/td/table/tbody/tr/td[2]/table/tbody/tr[2]/td[13]/div/span/a[1]
2020-10-25 18:11:05,769 INFO /html/body/form/table[1]/tbody/tr[5]/td[4]/input
2020-10-25 18:11:05,832 INFO /html/body/form/table[1]/tbody/tr[5]/td[4]/input
2020-10-25 18:11:05,980 INFO /html/body/form/table[2]/tbody/tr/td[2]/input
